0 -0.0262862 61.2129 1.59719 -1
1 -0.209189 68.0198 -1.80324 0
2 -1.75127 74.9803 -2.91517 1
3 -9.20723 71.7898 -2.63334 2
4 -18.8346 62.3654 -2.18978 3
5 -27.7934 53.6653 0.624527 4
6 -30.2023 50.4494 3.85948 5
7 -0.200509 80.4146 -1.46741 2
8 0.0486567 89.0899 2.50555 7
9 6.29483 73.6966 -2.91176 2
10 17.8276 63.7266 -2.66539 9
11 27.9357 53.2798 1.11657 10
12 30.1909 50.2999 3.57017 11
13 0.0293352 81.0115 -0.576164 1
14 -0.110504 89.1126 -0.771705 13
15 2.97293 76.2976 -3.07403 1
16 -2.32666 54.3033 0.808286 0
17 -5.99408 33.0977 0.617651 16
18 -6.3029 5.05545 -2.83772 17
19 -7.12384 0.896396 8.08682 18
20 2.27935 54.4362 0.748293 0
21 5.97567 32.8322 0.654192 20
22 6.40729 4.83369 -2.95431 21
23 6.7543 0.982205 8.17967 22
