0 -0.0647034 54.1029 0.645867 -1
1 4.25456 48.2454 1.73375 0
2 5.94451 27.2658 -0.00329363 1
3 6.5392 4.91011 -2.80206 2
4 6.92602 1.60616 3.99808 3
5 7.05268 1.22379 8.01818 4
6 -4.21792 48.1487 1.78189 0
7 -5.92012 27.1679 0.0305223 6
8 -6.51005 5.11078 -2.74783 7
9 -6.62108 1.54936 4.62973 8
10 -6.52163 1.21776 8.40439 9
11 -0.0122858 58.909 1.42915 0
12 0.0427612 63.7521 0.651617 11
13 0.0128629 69.4969 -1.77061 12
14 -0.116863 75.2396 -2.28177 13
15 0.0231732 81.9991 -0.945695 14
16 0.119585 88.159 -1.13778 15
17 8.01731 72.7757 -2.58629 13
18 17.8704 63.0702 -2.16006 17
19 24.5275 57.0734 0.317146 18
20 28.3882 51.7342 2.14942 19
21 29.8799 51.0104 2.21698 20
22 31.0257 50.9245 2.28014 21
23 29.8388 51.5684 3.86962 20
24 -7.793 72.8318 -2.69394 13
25 -18.1743 62.7841 -2.09713 24
26 -24.4945 57.042 0.154362 25
27 -28.25 51.5268 3.05699 26
28 -29.368 51.3604 3.06559 27
29 -30.2993 51.2608 2.96171 28
30 -29.7315 51.5793 4.5524 27
